c:\users\가디언\desktop\interactive_visualization\interactive_visualization\interactive_visualization\x64\release\vc142.pdb
c:\users\가디언\desktop\interactive_visualization\interactive_visualization\interactive_visualization\x64\release\main.obj
c:\users\가디언\desktop\interactive_visualization\interactive_visualization\interactive_visualization\x64\release\ground.obj
c:\users\가디언\desktop\interactive_visualization\interactive_visualization\interactive_visualization\x64\release\texture.obj
c:\users\가디언\desktop\interactive_visualization\interactive_visualization\interactive_visualization\x64\release\shader.obj
c:\users\가디언\desktop\interactive_visualization\interactive_visualization\interactive_visualization\x64\release\error_check.obj
c:\users\가디언\desktop\interactive_visualization\interactive_visualization\interactive_visualization\x64\release\emitter.obj
c:\users\가디언\desktop\interactive_visualization\interactive_visualization\interactive_visualization\x64\release\cube.obj
c:\users\가디언\desktop\interactive_visualization\interactive_visualization\interactive_visualization\x64\release\cloth.obj
c:\users\가디언\desktop\interactive_visualization\interactive_visualization\interactive_visualization\x64\release\camera.obj
c:\users\가디언\desktop\interactive_visualization\interactive_visualization\x64\release\interactive_visualization.ipdb
c:\users\가디언\desktop\interactive_visualization\interactive_visualization\x64\release\interactive_visualization.iobj
c:\users\가디언\desktop\interactive_visualization\interactive_visualization\x64\release\interactive_visualization.exe
c:\users\가디언\desktop\interactive_visualization\interactive_visualization\x64\release\interactive_visualization.pdb
c:\users\가디언\desktop\interactive_visualization\interactive_visualization\interactive_visualization\x64\release\interact.ba4c8dd0.tlog\cl.command.1.tlog
c:\users\가디언\desktop\interactive_visualization\interactive_visualization\interactive_visualization\x64\release\interact.ba4c8dd0.tlog\cl.read.1.tlog
c:\users\가디언\desktop\interactive_visualization\interactive_visualization\interactive_visualization\x64\release\interact.ba4c8dd0.tlog\cl.write.1.tlog
c:\users\가디언\desktop\interactive_visualization\interactive_visualization\interactive_visualization\x64\release\interact.ba4c8dd0.tlog\interactive_visualization.write.1u.tlog
c:\users\가디언\desktop\interactive_visualization\interactive_visualization\interactive_visualization\x64\release\interact.ba4c8dd0.tlog\link.command.1.tlog
c:\users\가디언\desktop\interactive_visualization\interactive_visualization\interactive_visualization\x64\release\interact.ba4c8dd0.tlog\link.delete.1.tlog
c:\users\가디언\desktop\interactive_visualization\interactive_visualization\interactive_visualization\x64\release\interact.ba4c8dd0.tlog\link.read.1.tlog
c:\users\가디언\desktop\interactive_visualization\interactive_visualization\interactive_visualization\x64\release\interact.ba4c8dd0.tlog\link.write.1.tlog
